<?xml version="1.0" encoding="UTF-8"?>
<testsuite xmlns:xsi="http://www.w3.org/2001/XMLSchema-instance" xsi:noNamespaceSchemaLocation="https://maven.apache.org/surefire/maven-surefire-plugin/xsd/surefire-test-report.xsd" name="com.automation.conditionsJunit" time="0.791" tests="72" errors="0" skipped="0" failures="49">
  <properties>
    <property name="java.specification.version" value="17"/>
    <property name="sun.cpu.isalist" value="amd64"/>
    <property name="sun.jnu.encoding" value="Cp1252"/>
    <property name="java.class.path" value="C:\Users\ASUS\Desktop\Training Course\java-automation\target\test-classes;C:\Users\ASUS\Desktop\Training Course\java-automation\target\classes;C:\Users\ASUS\.m2\repository\org\seleniumhq\selenium\selenium-java\3.14.0\selenium-java-3.14.0.jar;C:\Users\ASUS\.m2\repository\org\seleniumhq\selenium\selenium-api\3.14.0\selenium-api-3.14.0.jar;C:\Users\ASUS\.m2\repository\org\seleniumhq\selenium\selenium-chrome-driver\3.14.0\selenium-chrome-driver-3.14.0.jar;C:\Users\ASUS\.m2\repository\org\seleniumhq\selenium\selenium-edge-driver\3.14.0\selenium-edge-driver-3.14.0.jar;C:\Users\ASUS\.m2\repository\org\seleniumhq\selenium\selenium-firefox-driver\3.14.0\selenium-firefox-driver-3.14.0.jar;C:\Users\ASUS\.m2\repository\org\seleniumhq\selenium\selenium-ie-driver\3.14.0\selenium-ie-driver-3.14.0.jar;C:\Users\ASUS\.m2\repository\org\seleniumhq\selenium\selenium-opera-driver\3.14.0\selenium-opera-driver-3.14.0.jar;C:\Users\ASUS\.m2\repository\org\seleniumhq\selenium\selenium-remote-driver\3.14.0\selenium-remote-driver-3.14.0.jar;C:\Users\ASUS\.m2\repository\org\seleniumhq\selenium\selenium-safari-driver\3.14.0\selenium-safari-driver-3.14.0.jar;C:\Users\ASUS\.m2\repository\org\seleniumhq\selenium\selenium-support\3.14.0\selenium-support-3.14.0.jar;C:\Users\ASUS\.m2\repository\net\bytebuddy\byte-buddy\1.8.15\byte-buddy-1.8.15.jar;C:\Users\ASUS\.m2\repository\org\apache\commons\commons-exec\1.3\commons-exec-1.3.jar;C:\Users\ASUS\.m2\repository\commons-codec\commons-codec\1.10\commons-codec-1.10.jar;C:\Users\ASUS\.m2\repository\commons-logging\commons-logging\1.2\commons-logging-1.2.jar;C:\Users\ASUS\.m2\repository\com\google\guava\guava\25.0-jre\guava-25.0-jre.jar;C:\Users\ASUS\.m2\repository\org\checkerframework\checker-compat-qual\2.0.0\checker-compat-qual-2.0.0.jar;C:\Users\ASUS\.m2\repository\com\google\errorprone\error_prone_annotations\2.1.3\error_prone_annotations-2.1.3.jar;C:\Users\ASUS\.m2\repository\com\google\j2objc\j2objc-annotations\1.1\j2objc-annotations-1.1.jar;C:\Users\ASUS\.m2\repository\org\codehaus\mojo\animal-sniffer-annotations\1.14\animal-sniffer-annotations-1.14.jar;C:\Users\ASUS\.m2\repository\org\apache\httpcomponents\httpclient\4.5.5\httpclient-4.5.5.jar;C:\Users\ASUS\.m2\repository\org\apache\httpcomponents\httpcore\4.4.9\httpcore-4.4.9.jar;C:\Users\ASUS\.m2\repository\com\squareup\okhttp3\okhttp\3.10.0\okhttp-3.10.0.jar;C:\Users\ASUS\.m2\repository\com\squareup\okio\okio\1.14.1\okio-1.14.1.jar;C:\Users\ASUS\.m2\repository\org\json\json\20080701\json-20080701.jar;C:\Users\ASUS\.m2\repository\org\testng\testng\7.3.0\testng-7.3.0.jar;C:\Users\ASUS\.m2\repository\com\beust\jcommander\1.78\jcommander-1.78.jar;C:\Users\ASUS\.m2\repository\org\apache\ant\ant\1.10.3\ant-1.10.3.jar;C:\Users\ASUS\.m2\repository\org\apache\ant\ant-launcher\1.10.3\ant-launcher-1.10.3.jar;C:\Users\ASUS\.m2\repository\com\google\inject\guice\4.2.2\guice-4.2.2-no_aop.jar;C:\Users\ASUS\.m2\repository\javax\inject\javax.inject\1\javax.inject-1.jar;C:\Users\ASUS\.m2\repository\aopalliance\aopalliance\1.0\aopalliance-1.0.jar;C:\Users\ASUS\.m2\repository\org\yaml\snakeyaml\1.21\snakeyaml-1.21.jar;C:\Users\ASUS\.m2\repository\io\cucumber\cucumber-java\5.5.0\cucumber-java-5.5.0.jar;C:\Users\ASUS\.m2\repository\org\apiguardian\apiguardian-api\1.1.0\apiguardian-api-1.1.0.jar;C:\Users\ASUS\.m2\repository\io\cucumber\cucumber-junit\5.5.0\cucumber-junit-5.5.0.jar;C:\Users\ASUS\.m2\repository\junit\junit\4.13.2\junit-4.13.2.jar;C:\Users\ASUS\.m2\repository\org\hamcrest\hamcrest-core\1.3\hamcrest-core-1.3.jar;C:\Users\ASUS\.m2\repository\io\cucumber\cucumber-core\5.5.0\cucumber-core-5.5.0.jar;C:\Users\ASUS\.m2\repository\io\cucumber\cucumber-gherkin\5.5.0\cucumber-gherkin-5.5.0.jar;C:\Users\ASUS\.m2\repository\io\cucumber\cucumber-gherkin-vintage\5.5.0\cucumber-gherkin-vintage-5.5.0.jar;C:\Users\ASUS\.m2\repository\io\cucumber\tag-expressions\2.0.4\tag-expressions-2.0.4.jar;C:\Users\ASUS\.m2\repository\io\cucumber\cucumber-expressions\8.3.1\cucumber-expressions-8.3.1.jar;C:\Users\ASUS\.m2\repository\io\cucumber\datatable\3.3.0\datatable-3.3.0.jar;C:\Users\ASUS\.m2\repository\io\cucumber\cucumber-plugin\5.5.0\cucumber-plugin-5.5.0.jar;C:\Users\ASUS\.m2\repository\io\cucumber\docstring\5.5.0\docstring-5.5.0.jar;C:\Users\ASUS\.m2\repository\com\helger\ph-commons\9.0.0\ph-commons-9.0.0.jar;C:\Users\ASUS\.m2\repository\com\google\code\findbugs\jsr305\3.0.2\jsr305-3.0.2.jar;C:\Users\ASUS\.m2\repository\com\helger\commons\ph-commons\10.1.6\ph-commons-10.1.6.jar;C:\Users\ASUS\.m2\repository\org\apache\maven\surefire\surefire-booter\2.22.2\surefire-booter-2.22.2.jar;C:\Users\ASUS\.m2\repository\org\apache\maven\surefire\surefire-api\2.22.2\surefire-api-2.22.2.jar;C:\Users\ASUS\.m2\repository\org\apache\maven\surefire\surefire-logger-api\2.22.2\surefire-logger-api-2.22.2.jar;C:\Users\ASUS\.m2\repository\org\apache\commons\commons-lang3\3.12.0\commons-lang3-3.12.0.jar;C:\Users\ASUS\.m2\repository\org\apache\logging\log4j\log4j-core\2.17.2\log4j-core-2.17.2.jar;C:\Users\ASUS\.m2\repository\org\apache\logging\log4j\log4j-api\2.17.2\log4j-api-2.17.2.jar;C:\Users\ASUS\.m2\repository\org\slf4j\slf4j-api\1.7.36\slf4j-api-1.7.36.jar;C:\Users\ASUS\.m2\repository\org\slf4j\slf4j-simple\1.7.36\slf4j-simple-1.7.36.jar;C:\Users\ASUS\.m2\repository\org\apache\poi\poi\5.2.2\poi-5.2.2.jar;C:\Users\ASUS\.m2\repository\org\apache\commons\commons-collections4\4.4\commons-collections4-4.4.jar;C:\Users\ASUS\.m2\repository\org\apache\commons\commons-math3\3.6.1\commons-math3-3.6.1.jar;C:\Users\ASUS\.m2\repository\commons-io\commons-io\2.11.0\commons-io-2.11.0.jar;C:\Users\ASUS\.m2\repository\com\zaxxer\SparseBitSet\1.2\SparseBitSet-1.2.jar;C:\Users\ASUS\.m2\repository\org\apache\poi\poi-ooxml\5.2.2\poi-ooxml-5.2.2.jar;C:\Users\ASUS\.m2\repository\org\apache\poi\poi-ooxml-lite\5.2.2\poi-ooxml-lite-5.2.2.jar;C:\Users\ASUS\.m2\repository\org\apache\xmlbeans\xmlbeans\5.0.3\xmlbeans-5.0.3.jar;C:\Users\ASUS\.m2\repository\org\apache\commons\commons-compress\1.21\commons-compress-1.21.jar;C:\Users\ASUS\.m2\repository\com\github\virtuald\curvesapi\1.07\curvesapi-1.07.jar;C:\Users\ASUS\.m2\repository\io\github\bonigarcia\webdrivermanager\5.1.0\webdrivermanager-5.1.0.jar;C:\Users\ASUS\.m2\repository\com\google\code\gson\gson\2.9.0\gson-2.9.0.jar;C:\Users\ASUS\.m2\repository\com\github\docker-java\docker-java\3.2.13\docker-java-3.2.13.jar;C:\Users\ASUS\.m2\repository\com\github\docker-java\docker-java-core\3.2.13\docker-java-core-3.2.13.jar;C:\Users\ASUS\.m2\repository\com\github\docker-java\docker-java-api\3.2.13\docker-java-api-3.2.13.jar;C:\Users\ASUS\.m2\repository\com\fasterxml\jackson\core\jackson-annotations\2.10.3\jackson-annotations-2.10.3.jar;C:\Users\ASUS\.m2\repository\com\fasterxml\jackson\core\jackson-databind\2.10.3\jackson-databind-2.10.3.jar;C:\Users\ASUS\.m2\repository\com\fasterxml\jackson\core\jackson-core\2.10.3\jackson-core-2.10.3.jar;C:\Users\ASUS\.m2\repository\org\bouncycastle\bcpkix-jdk15on\1.64\bcpkix-jdk15on-1.64.jar;C:\Users\ASUS\.m2\repository\org\bouncycastle\bcprov-jdk15on\1.64\bcprov-jdk15on-1.64.jar;C:\Users\ASUS\.m2\repository\org\slf4j\jcl-over-slf4j\1.7.30\jcl-over-slf4j-1.7.30.jar;C:\Users\ASUS\.m2\repository\com\github\docker-java\docker-java-transport-httpclient5\3.2.13\docker-java-transport-httpclient5-3.2.13.jar;C:\Users\ASUS\.m2\repository\com\github\docker-java\docker-java-transport\3.2.13\docker-java-transport-3.2.13.jar;C:\Users\ASUS\.m2\repository\org\apache\httpcomponents\client5\httpclient5\5.0.3\httpclient5-5.0.3.jar;C:\Users\ASUS\.m2\repository\org\apache\httpcomponents\core5\httpcore5\5.0.2\httpcore5-5.0.2.jar;C:\Users\ASUS\.m2\repository\net\java\dev\jna\jna\5.8.0\jna-5.8.0.jar;C:\Users\ASUS\.m2\repository\org\brotli\dec\0.1.2\dec-0.1.2.jar;C:\Users\ASUS\.m2\repository\io\cucumber\cucumber-testng\7.2.3\cucumber-testng-7.2.3.jar;"/>
    <property name="java.vm.vendor" value="Oracle Corporation"/>
    <property name="sun.arch.data.model" value="64"/>
    <property name="user.variant" value=""/>
    <property name="java.vendor.url" value="https://java.oracle.com/"/>
    <property name="user.timezone" value="Asia/Bangkok"/>
    <property name="os.name" value="Windows 10"/>
    <property name="java.vm.specification.version" value="17"/>
    <property name="sun.java.launcher" value="SUN_STANDARD"/>
    <property name="user.country" value="US"/>
    <property name="sun.boot.library.path" value="C:\Program Files\Java\jdk-17.0.2\bin"/>
    <property name="sun.java.command" value="C:\Users\ASUS\AppData\Local\Temp\surefire5102835244351389860\surefirebooter14359135478702893663.jar C:\Users\ASUS\AppData\Local\Temp\surefire5102835244351389860 2022-04-20T20-38-49_750-jvmRun1 surefire6244599659789900613tmp surefire_016370927236678875399tmp"/>
    <property name="jdk.debug" value="release"/>
    <property name="surefire.test.class.path" value="C:\Users\ASUS\Desktop\Training Course\java-automation\target\test-classes;C:\Users\ASUS\Desktop\Training Course\java-automation\target\classes;C:\Users\ASUS\.m2\repository\org\seleniumhq\selenium\selenium-java\3.14.0\selenium-java-3.14.0.jar;C:\Users\ASUS\.m2\repository\org\seleniumhq\selenium\selenium-api\3.14.0\selenium-api-3.14.0.jar;C:\Users\ASUS\.m2\repository\org\seleniumhq\selenium\selenium-chrome-driver\3.14.0\selenium-chrome-driver-3.14.0.jar;C:\Users\ASUS\.m2\repository\org\seleniumhq\selenium\selenium-edge-driver\3.14.0\selenium-edge-driver-3.14.0.jar;C:\Users\ASUS\.m2\repository\org\seleniumhq\selenium\selenium-firefox-driver\3.14.0\selenium-firefox-driver-3.14.0.jar;C:\Users\ASUS\.m2\repository\org\seleniumhq\selenium\selenium-ie-driver\3.14.0\selenium-ie-driver-3.14.0.jar;C:\Users\ASUS\.m2\repository\org\seleniumhq\selenium\selenium-opera-driver\3.14.0\selenium-opera-driver-3.14.0.jar;C:\Users\ASUS\.m2\repository\org\seleniumhq\selenium\selenium-remote-driver\3.14.0\selenium-remote-driver-3.14.0.jar;C:\Users\ASUS\.m2\repository\org\seleniumhq\selenium\selenium-safari-driver\3.14.0\selenium-safari-driver-3.14.0.jar;C:\Users\ASUS\.m2\repository\org\seleniumhq\selenium\selenium-support\3.14.0\selenium-support-3.14.0.jar;C:\Users\ASUS\.m2\repository\net\bytebuddy\byte-buddy\1.8.15\byte-buddy-1.8.15.jar;C:\Users\ASUS\.m2\repository\org\apache\commons\commons-exec\1.3\commons-exec-1.3.jar;C:\Users\ASUS\.m2\repository\commons-codec\commons-codec\1.10\commons-codec-1.10.jar;C:\Users\ASUS\.m2\repository\commons-logging\commons-logging\1.2\commons-logging-1.2.jar;C:\Users\ASUS\.m2\repository\com\google\guava\guava\25.0-jre\guava-25.0-jre.jar;C:\Users\ASUS\.m2\repository\org\checkerframework\checker-compat-qual\2.0.0\checker-compat-qual-2.0.0.jar;C:\Users\ASUS\.m2\repository\com\google\errorprone\error_prone_annotations\2.1.3\error_prone_annotations-2.1.3.jar;C:\Users\ASUS\.m2\repository\com\google\j2objc\j2objc-annotations\1.1\j2objc-annotations-1.1.jar;C:\Users\ASUS\.m2\repository\org\codehaus\mojo\animal-sniffer-annotations\1.14\animal-sniffer-annotations-1.14.jar;C:\Users\ASUS\.m2\repository\org\apache\httpcomponents\httpclient\4.5.5\httpclient-4.5.5.jar;C:\Users\ASUS\.m2\repository\org\apache\httpcomponents\httpcore\4.4.9\httpcore-4.4.9.jar;C:\Users\ASUS\.m2\repository\com\squareup\okhttp3\okhttp\3.10.0\okhttp-3.10.0.jar;C:\Users\ASUS\.m2\repository\com\squareup\okio\okio\1.14.1\okio-1.14.1.jar;C:\Users\ASUS\.m2\repository\org\json\json\20080701\json-20080701.jar;C:\Users\ASUS\.m2\repository\org\testng\testng\7.3.0\testng-7.3.0.jar;C:\Users\ASUS\.m2\repository\com\beust\jcommander\1.78\jcommander-1.78.jar;C:\Users\ASUS\.m2\repository\org\apache\ant\ant\1.10.3\ant-1.10.3.jar;C:\Users\ASUS\.m2\repository\org\apache\ant\ant-launcher\1.10.3\ant-launcher-1.10.3.jar;C:\Users\ASUS\.m2\repository\com\google\inject\guice\4.2.2\guice-4.2.2-no_aop.jar;C:\Users\ASUS\.m2\repository\javax\inject\javax.inject\1\javax.inject-1.jar;C:\Users\ASUS\.m2\repository\aopalliance\aopalliance\1.0\aopalliance-1.0.jar;C:\Users\ASUS\.m2\repository\org\yaml\snakeyaml\1.21\snakeyaml-1.21.jar;C:\Users\ASUS\.m2\repository\io\cucumber\cucumber-java\5.5.0\cucumber-java-5.5.0.jar;C:\Users\ASUS\.m2\repository\org\apiguardian\apiguardian-api\1.1.0\apiguardian-api-1.1.0.jar;C:\Users\ASUS\.m2\repository\io\cucumber\cucumber-junit\5.5.0\cucumber-junit-5.5.0.jar;C:\Users\ASUS\.m2\repository\junit\junit\4.13.2\junit-4.13.2.jar;C:\Users\ASUS\.m2\repository\org\hamcrest\hamcrest-core\1.3\hamcrest-core-1.3.jar;C:\Users\ASUS\.m2\repository\io\cucumber\cucumber-core\5.5.0\cucumber-core-5.5.0.jar;C:\Users\ASUS\.m2\repository\io\cucumber\cucumber-gherkin\5.5.0\cucumber-gherkin-5.5.0.jar;C:\Users\ASUS\.m2\repository\io\cucumber\cucumber-gherkin-vintage\5.5.0\cucumber-gherkin-vintage-5.5.0.jar;C:\Users\ASUS\.m2\repository\io\cucumber\tag-expressions\2.0.4\tag-expressions-2.0.4.jar;C:\Users\ASUS\.m2\repository\io\cucumber\cucumber-expressions\8.3.1\cucumber-expressions-8.3.1.jar;C:\Users\ASUS\.m2\repository\io\cucumber\datatable\3.3.0\datatable-3.3.0.jar;C:\Users\ASUS\.m2\repository\io\cucumber\cucumber-plugin\5.5.0\cucumber-plugin-5.5.0.jar;C:\Users\ASUS\.m2\repository\io\cucumber\docstring\5.5.0\docstring-5.5.0.jar;C:\Users\ASUS\.m2\repository\com\helger\ph-commons\9.0.0\ph-commons-9.0.0.jar;C:\Users\ASUS\.m2\repository\com\google\code\findbugs\jsr305\3.0.2\jsr305-3.0.2.jar;C:\Users\ASUS\.m2\repository\com\helger\commons\ph-commons\10.1.6\ph-commons-10.1.6.jar;C:\Users\ASUS\.m2\repository\org\apache\maven\surefire\surefire-booter\2.22.2\surefire-booter-2.22.2.jar;C:\Users\ASUS\.m2\repository\org\apache\maven\surefire\surefire-api\2.22.2\surefire-api-2.22.2.jar;C:\Users\ASUS\.m2\repository\org\apache\maven\surefire\surefire-logger-api\2.22.2\surefire-logger-api-2.22.2.jar;C:\Users\ASUS\.m2\repository\org\apache\commons\commons-lang3\3.12.0\commons-lang3-3.12.0.jar;C:\Users\ASUS\.m2\repository\org\apache\logging\log4j\log4j-core\2.17.2\log4j-core-2.17.2.jar;C:\Users\ASUS\.m2\repository\org\apache\logging\log4j\log4j-api\2.17.2\log4j-api-2.17.2.jar;C:\Users\ASUS\.m2\repository\org\slf4j\slf4j-api\1.7.36\slf4j-api-1.7.36.jar;C:\Users\ASUS\.m2\repository\org\slf4j\slf4j-simple\1.7.36\slf4j-simple-1.7.36.jar;C:\Users\ASUS\.m2\repository\org\apache\poi\poi\5.2.2\poi-5.2.2.jar;C:\Users\ASUS\.m2\repository\org\apache\commons\commons-collections4\4.4\commons-collections4-4.4.jar;C:\Users\ASUS\.m2\repository\org\apache\commons\commons-math3\3.6.1\commons-math3-3.6.1.jar;C:\Users\ASUS\.m2\repository\commons-io\commons-io\2.11.0\commons-io-2.11.0.jar;C:\Users\ASUS\.m2\repository\com\zaxxer\SparseBitSet\1.2\SparseBitSet-1.2.jar;C:\Users\ASUS\.m2\repository\org\apache\poi\poi-ooxml\5.2.2\poi-ooxml-5.2.2.jar;C:\Users\ASUS\.m2\repository\org\apache\poi\poi-ooxml-lite\5.2.2\poi-ooxml-lite-5.2.2.jar;C:\Users\ASUS\.m2\repository\org\apache\xmlbeans\xmlbeans\5.0.3\xmlbeans-5.0.3.jar;C:\Users\ASUS\.m2\repository\org\apache\commons\commons-compress\1.21\commons-compress-1.21.jar;C:\Users\ASUS\.m2\repository\com\github\virtuald\curvesapi\1.07\curvesapi-1.07.jar;C:\Users\ASUS\.m2\repository\io\github\bonigarcia\webdrivermanager\5.1.0\webdrivermanager-5.1.0.jar;C:\Users\ASUS\.m2\repository\com\google\code\gson\gson\2.9.0\gson-2.9.0.jar;C:\Users\ASUS\.m2\repository\com\github\docker-java\docker-java\3.2.13\docker-java-3.2.13.jar;C:\Users\ASUS\.m2\repository\com\github\docker-java\docker-java-core\3.2.13\docker-java-core-3.2.13.jar;C:\Users\ASUS\.m2\repository\com\github\docker-java\docker-java-api\3.2.13\docker-java-api-3.2.13.jar;C:\Users\ASUS\.m2\repository\com\fasterxml\jackson\core\jackson-annotations\2.10.3\jackson-annotations-2.10.3.jar;C:\Users\ASUS\.m2\repository\com\fasterxml\jackson\core\jackson-databind\2.10.3\jackson-databind-2.10.3.jar;C:\Users\ASUS\.m2\repository\com\fasterxml\jackson\core\jackson-core\2.10.3\jackson-core-2.10.3.jar;C:\Users\ASUS\.m2\repository\org\bouncycastle\bcpkix-jdk15on\1.64\bcpkix-jdk15on-1.64.jar;C:\Users\ASUS\.m2\repository\org\bouncycastle\bcprov-jdk15on\1.64\bcprov-jdk15on-1.64.jar;C:\Users\ASUS\.m2\repository\org\slf4j\jcl-over-slf4j\1.7.30\jcl-over-slf4j-1.7.30.jar;C:\Users\ASUS\.m2\repository\com\github\docker-java\docker-java-transport-httpclient5\3.2.13\docker-java-transport-httpclient5-3.2.13.jar;C:\Users\ASUS\.m2\repository\com\github\docker-java\docker-java-transport\3.2.13\docker-java-transport-3.2.13.jar;C:\Users\ASUS\.m2\repository\org\apache\httpcomponents\client5\httpclient5\5.0.3\httpclient5-5.0.3.jar;C:\Users\ASUS\.m2\repository\org\apache\httpcomponents\core5\httpcore5\5.0.2\httpcore5-5.0.2.jar;C:\Users\ASUS\.m2\repository\net\java\dev\jna\jna\5.8.0\jna-5.8.0.jar;C:\Users\ASUS\.m2\repository\org\brotli\dec\0.1.2\dec-0.1.2.jar;C:\Users\ASUS\.m2\repository\io\cucumber\cucumber-testng\7.2.3\cucumber-testng-7.2.3.jar;"/>
    <property name="sun.cpu.endian" value="little"/>
    <property name="user.home" value="C:\Users\ASUS"/>
    <property name="user.language" value="en"/>
    <property name="java.specification.vendor" value="Oracle Corporation"/>
    <property name="java.version.date" value="2022-01-18"/>
    <property name="java.home" value="C:\Program Files\Java\jdk-17.0.2"/>
    <property name="file.separator" value="\"/>
    <property name="basedir" value="C:\Users\ASUS\Desktop\Training Course\java-automation"/>
    <property name="java.vm.compressedOopsMode" value="32-bit"/>
    <property name="line.separator" value="&#10;"/>
    <property name="java.vm.specification.vendor" value="Oracle Corporation"/>
    <property name="java.specification.name" value="Java Platform API Specification"/>
    <property name="surefire.real.class.path" value="C:\Users\ASUS\AppData\Local\Temp\surefire5102835244351389860\surefirebooter14359135478702893663.jar"/>
    <property name="user.script" value=""/>
    <property name="sun.management.compiler" value="HotSpot 64-Bit Tiered Compilers"/>
    <property name="java.runtime.version" value="17.0.2+8-LTS-86"/>
    <property name="user.name" value="ASUS"/>
    <property name="path.separator" value=";"/>
    <property name="os.version" value="10.0"/>
    <property name="java.runtime.name" value="Java(TM) SE Runtime Environment"/>
    <property name="file.encoding" value="Cp1252"/>
    <property name="java.vm.name" value="Java HotSpot(TM) 64-Bit Server VM"/>
    <property name="localRepository" value="C:\Users\ASUS\.m2\repository"/>
    <property name="java.vendor.url.bug" value="https://bugreport.java.com/bugreport/"/>
    <property name="java.io.tmpdir" value="C:\Users\ASUS\AppData\Local\Temp\"/>
    <property name="java.version" value="17.0.2"/>
    <property name="user.dir" value="C:\Users\ASUS\Desktop\Training Course\java-automation"/>
    <property name="os.arch" value="amd64"/>
    <property name="java.vm.specification.name" value="Java Virtual Machine Specification"/>
    <property name="sun.os.patch.level" value=""/>
    <property name="native.encoding" value="Cp1252"/>
    <property name="java.library.path" value="C:\Program Files\Java\jdk-17.0.2\bin;C:\WINDOWS\Sun\Java\bin;C:\WINDOWS\system32;C:\WINDOWS;C:\Program Files\Common Files\Oracle\Java\javapath;C:\Program Files (x86)\Common Files\Oracle\Java\javapath;C:\Program Files\Python39\Scripts;C:\Program Files\Python39;C:\Program Files (x86)\Intel\Intel(R) Management Engine Components\iCLS\;C:\Program Files\Intel\Intel(R) Management Engine Components\iCLS\;C:\Windows\system32;C:\Windows;C:\Windows\System32\Wbem;C:\Windows\System32\WindowsPowerShell\v1.0\;C:\Windows\System32\OpenSSH\;C:\Program Files (x86)\NVIDIA Corporation\PhysX\Common;C:\Program Files (x86)\Intel\Intel(R) Management Engine Components\DAL;C:\Program Files\Intel\Intel(R) Management Engine Components\DAL;C:\Program Files (x86)\Intel\Intel(R) Management Engine Components\IPT;C:\Program Files\Intel\Intel(R) Management Engine Components\IPT;C:\Program Files\Intel\WiFi\bin\;C:\Program Files\Common Files\Intel\WirelessCommon\;C:\WINDOWS\system32;C:\WINDOWS;C:\WINDOWS\System32\Wbem;C:\WINDOWS\System32\WindowsPowerShell\v1.0\;C:\WINDOWS\System32\OpenSSH\;C:\Program Files\MATLAB\R2018a\runtime\win64;C:\Program Files\MATLAB\R2018a\bin;C:\Program Files\Microsoft SQL Server\110\Tools\Binn\;C:\Program Files\PuTTY\;C:\WINDOWS\system32\config\systemprofile\.dnx\bin;C:\Program Files\Microsoft DNX\Dnvm\;C:\Program Files (x86)\Windows Kits\8.1\Windows Performance Toolkit\;C:\Program Files\Microsoft SQL Server\130\Tools\Binn\;C:\Users\ASUS\Desktop\Training Course\apache-maven-3.8.5\bin;C:\Users\ASUS\Desktop\Training Course\apache-maven-3.8.5\bin;C:\Users\ASUS\Desktop\Training Course\apache-maven-3.8.5\bin;C:\Program Files\Java\jdk-17.0.2;C:\Program Files\Java\jdk-17.0.2\bin;D:\TortoiseGit\bin;D:\TortoiseGit\Git\cmd;C:\Users\ASUS\AppData\Local\Microsoft\WindowsApps;;C:\Users\ASUS\AppData\Local\Programs\Microsoft VS Code\bin;."/>
    <property name="java.vm.info" value="mixed mode, sharing"/>
    <property name="java.vendor" value="Oracle Corporation"/>
    <property name="java.vm.version" value="17.0.2+8-LTS-86"/>
    <property name="sun.io.unicode.encoding" value="UnicodeLittle"/>
    <property name="java.class.version" value="61.0"/>
  </properties>
  <testcase name="scenario_01 on scenario_01(com.automation.conditionsJunit)" classname="com.automation.conditionsJunit" time="0.012">
    <failure type="java.lang.AssertionError">java.lang.AssertionError
	at com.automation.conditionsJunit.scenario_01(conditionsJunit.java:27)
</failure>
    <system-out><![CDATA[
Start run Test Case 01
- Return String: Wrong String Format
]]></system-out>
  </testcase>
  <testcase name="scenario_02 on scenario_02(com.automation.conditionsJunit)" classname="com.automation.conditionsJunit" time="0.001">
    <failure type="java.lang.AssertionError">java.lang.AssertionError
	at com.automation.conditionsJunit.scenario_02(conditionsJunit.java:32)
</failure>
    <system-out><![CDATA[
Start run Test Case 02
- Return String: Start getData ${_getData[2]} ${_getData[1]}...
]]></system-out>
  </testcase>
  <testcase name="scenario_03 on scenario_03(com.automation.conditionsJunit)" classname="com.automation.conditionsJunit" time="0.001">
    <failure type="java.lang.AssertionError">java.lang.AssertionError
	at com.automation.conditionsJunit.scenario_03(conditionsJunit.java:37)
</failure>
    <system-out><![CDATA[
Start run Test Case 03
- Return String: Wrong String Format
]]></system-out>
  </testcase>
  <testcase name="scenario_04 on scenario_04(com.automation.conditionsJunit)" classname="com.automation.conditionsJunit" time="0.001">
    <failure type="java.lang.AssertionError">java.lang.AssertionError
	at com.automation.conditionsJunit.scenario_04(conditionsJunit.java:42)
</failure>
    <system-out><![CDATA[
Start run Test Case 04
- Return String: Start getData ${_getData[4][2]}.....
]]></system-out>
  </testcase>
  <testcase name="scenario_05 on scenario_05(com.automation.conditionsJunit)" classname="com.automation.conditionsJunit" time="0.001">
    <failure type="java.lang.AssertionError">java.lang.AssertionError
	at com.automation.conditionsJunit.scenario_05(conditionsJunit.java:47)
</failure>
    <system-out><![CDATA[
Start run Test Case 05
- Return String: Wrong String Format
]]></system-out>
  </testcase>
  <testcase name="scenario_06 on scenario_06(com.automation.conditionsJunit)" classname="com.automation.conditionsJunit" time="0.009"/>
  <testcase name="scenario_07 on scenario_07(com.automation.conditionsJunit)" classname="com.automation.conditionsJunit" time="0.001">
    <failure type="java.lang.AssertionError">java.lang.AssertionError
	at com.automation.conditionsJunit.scenario_07(conditionsJunit.java:57)
</failure>
    <system-out><![CDATA[
Start run Test Case 07
- Return String: Start getData ${_getData[6]}...
]]></system-out>
  </testcase>
  <testcase name="scenario_08 on scenario_08(com.automation.conditionsJunit)" classname="com.automation.conditionsJunit" time="0.001">
    <failure type="java.lang.AssertionError">java.lang.AssertionError
	at com.automation.conditionsJunit.scenario_08(conditionsJunit.java:62)
</failure>
    <system-out><![CDATA[
Start run Test Case 08
- Return String: Start getData ${_getData[a%c]}...
]]></system-out>
  </testcase>
  <testcase name="scenario_09 on scenario_09(com.automation.conditionsJunit)" classname="com.automation.conditionsJunit" time="0.001">
    <failure type="java.lang.AssertionError">java.lang.AssertionError
	at com.automation.conditionsJunit.scenario_09(conditionsJunit.java:67)
</failure>
    <system-out><![CDATA[
Start run Test Case 09
- Return String: Start getData ${_getData[1][2]}.....
]]></system-out>
  </testcase>
  <testcase name="scenario_10 on scenario_10(com.automation.conditionsJunit)" classname="com.automation.conditionsJunit" time="0.001">
    <failure type="java.lang.AssertionError">java.lang.AssertionError
	at com.automation.conditionsJunit.scenario_10(conditionsJunit.java:72)
</failure>
    <system-out><![CDATA[
Start run Test Case 10
- Return String: Wrong String Format
]]></system-out>
  </testcase>
  <testcase name="scenario_11 on scenario_11(com.automation.conditionsJunit)" classname="com.automation.conditionsJunit" time="0.001"/>
  <testcase name="scenario_12 on scenario_12(com.automation.conditionsJunit)" classname="com.automation.conditionsJunit" time="0.001">
    <failure type="java.lang.AssertionError">java.lang.AssertionError
	at com.automation.conditionsJunit.scenario_12(conditionsJunit.java:82)
</failure>
    <system-out><![CDATA[
Start run Test Case 12
- Return String: Start getData ${_getData[6]}...
]]></system-out>
  </testcase>
  <testcase name="scenario_13 on scenario_13(com.automation.conditionsJunit)" classname="com.automation.conditionsJunit" time="0.003">
    <failure type="java.lang.AssertionError">java.lang.AssertionError
	at com.automation.conditionsJunit.scenario_13(conditionsJunit.java:87)
</failure>
    <system-out><![CDATA[
Start run Test Case 13
- Return String: Start getData ${_getData[6]}...
]]></system-out>
  </testcase>
  <testcase name="scenario_14 on scenario_14(com.automation.conditionsJunit)" classname="com.automation.conditionsJunit" time="0.001">
    <failure type="java.lang.AssertionError">java.lang.AssertionError
	at com.automation.conditionsJunit.scenario_14(conditionsJunit.java:92)
</failure>
    <system-out><![CDATA[
Start run Test Case 14
- Return String: Start getData ${_getData[4][2]}.....
]]></system-out>
  </testcase>
  <testcase name="scenario_15 on scenario_15(com.automation.conditionsJunit)" classname="com.automation.conditionsJunit" time="0.001"/>
  <testcase name="scenario_16 on scenario_16(com.automation.conditionsJunit)" classname="com.automation.conditionsJunit" time="0.002">
    <failure type="java.lang.AssertionError">java.lang.AssertionError
	at com.automation.conditionsJunit.scenario_16(conditionsJunit.java:102)
</failure>
    <system-out><![CDATA[
Start run Test Case 16
- Return String: Start getData ${_getData[0][3]}.....
]]></system-out>
  </testcase>
  <testcase name="scenario_17 on scenario_17(com.automation.conditionsJunit)" classname="com.automation.conditionsJunit" time="0.001">
    <failure type="java.lang.AssertionError">java.lang.AssertionError
	at com.automation.conditionsJunit.scenario_17(conditionsJunit.java:107)
</failure>
    <system-out><![CDATA[
Start run Test Case 17
- Return String: Start getData ${_getData[1%c][2]}.....
]]></system-out>
  </testcase>
  <testcase name="scenario_18 on scenario_18(com.automation.conditionsJunit)" classname="com.automation.conditionsJunit" time="0.001">
    <failure type="java.lang.AssertionError">java.lang.AssertionError
	at com.automation.conditionsJunit.scenario_18(conditionsJunit.java:112)
</failure>
    <system-out><![CDATA[
Start run Test Case 18
- Return String: Start getData ${_getData[0][wrong index]}.....
]]></system-out>
  </testcase>
  <testcase name="scenario_19 on scenario_19(com.automation.conditionsJunit)" classname="com.automation.conditionsJunit" time="0.001">
    <failure type="java.lang.AssertionError">java.lang.AssertionError
	at com.automation.conditionsJunit.scenario_19(conditionsJunit.java:117)
</failure>
    <system-out><![CDATA[
Start run Test Case 19
- Return String: Start getData ${_getData[a%3][wrong index]}.....
]]></system-out>
  </testcase>
  <testcase name="scenario_20 on scenario_20(com.automation.conditionsJunit)" classname="com.automation.conditionsJunit" time="0">
    <failure type="java.lang.AssertionError">java.lang.AssertionError
	at com.automation.conditionsJunit.scenario_20(conditionsJunit.java:125)
</failure>
    <system-out><![CDATA[
Start run Test Case 20
- Return String: Start getData ${_getData[6]}...
]]></system-out>
  </testcase>
  <testcase name="scenario_21 on scenario_21(com.automation.conditionsJunit)" classname="com.automation.conditionsJunit" time="0">
    <failure type="java.lang.AssertionError">java.lang.AssertionError
	at com.automation.conditionsJunit.scenario_21(conditionsJunit.java:130)
</failure>
    <system-out><![CDATA[
Start run Test Case 21
- Return String: Start getData ${_getData[a%c]}...
]]></system-out>
  </testcase>
  <testcase name="scenario_22 on scenario_22(com.automation.conditionsJunit)" classname="com.automation.conditionsJunit" time="0.001">
    <failure type="java.lang.AssertionError">java.lang.AssertionError
	at com.automation.conditionsJunit.scenario_22(conditionsJunit.java:135)
</failure>
    <system-out><![CDATA[
Start run Test Case 22
- Return String: Start getData ${_getData[4][2]}.....
]]></system-out>
  </testcase>
  <testcase name="scenario_23 on scenario_23(com.automation.conditionsJunit)" classname="com.automation.conditionsJunit" time="0">
    <failure type="java.lang.AssertionError">java.lang.AssertionError
	at com.automation.conditionsJunit.scenario_23(conditionsJunit.java:140)
</failure>
    <system-out><![CDATA[
Start run Test Case 23
- Return String: Start getData ${_getData[1][2]}.....
]]></system-out>
  </testcase>
  <testcase name="scenario_24 on scenario_24(com.automation.conditionsJunit)" classname="com.automation.conditionsJunit" time="0.001">
    <failure type="java.lang.AssertionError">java.lang.AssertionError
	at com.automation.conditionsJunit.scenario_24(conditionsJunit.java:145)
</failure>
    <system-out><![CDATA[
Start run Test Case 24
- Return String: Start getData ${_getData[0][3]}.....
]]></system-out>
  </testcase>
  <testcase name="scenario_25 on scenario_25(com.automation.conditionsJunit)" classname="com.automation.conditionsJunit" time="0.001">
    <failure type="java.lang.AssertionError">java.lang.AssertionError
	at com.automation.conditionsJunit.scenario_25(conditionsJunit.java:150)
</failure>
    <system-out><![CDATA[
Start run Test Case 25
- Return String: Start getData ${_getData[1%c][2]}.....
]]></system-out>
  </testcase>
  <testcase name="scenario_26 on scenario_26(com.automation.conditionsJunit)" classname="com.automation.conditionsJunit" time="0.001">
    <failure type="java.lang.AssertionError">java.lang.AssertionError
	at com.automation.conditionsJunit.scenario_26(conditionsJunit.java:155)
</failure>
    <system-out><![CDATA[
Start run Test Case 26
- Return String: Start getData ${_getData[0][wrong index]}.....
]]></system-out>
  </testcase>
  <testcase name="scenario_27 on scenario_27(com.automation.conditionsJunit)" classname="com.automation.conditionsJunit" time="0.001">
    <failure type="java.lang.AssertionError">java.lang.AssertionError
	at com.automation.conditionsJunit.scenario_27(conditionsJunit.java:160)
</failure>
    <system-out><![CDATA[
Start run Test Case 27
- Return String: Start getData ${_getData[a%3][wrong index]}.....
]]></system-out>
  </testcase>
  <testcase name="scenario_28 on scenario_28(com.automation.conditionsJunit)" classname="com.automation.conditionsJunit" time="0.002">
    <failure type="java.lang.AssertionError">java.lang.AssertionError
	at com.automation.conditionsJunit.scenario_28(conditionsJunit.java:165)
</failure>
    <system-out><![CDATA[
Start run Test Case 28
- Return String: Start getData ${_getData[2]} ${_getData[1]}...
]]></system-out>
  </testcase>
  <testcase name="scenario_29 on scenario_29(com.automation.conditionsJunit)" classname="com.automation.conditionsJunit" time="0.001">
    <failure type="java.lang.AssertionError">java.lang.AssertionError
	at com.automation.conditionsJunit.scenario_29(conditionsJunit.java:170)
</failure>
    <system-out><![CDATA[
Start run Test Case 29
- Return String: Start getData ${_getData[6]}...
]]></system-out>
  </testcase>
  <testcase name="scenario_30 on scenario_30(com.automation.conditionsJunit)" classname="com.automation.conditionsJunit" time="0">
    <failure type="java.lang.AssertionError">java.lang.AssertionError
	at com.automation.conditionsJunit.scenario_30(conditionsJunit.java:175)
</failure>
    <system-out><![CDATA[
Start run Test Case 30
- Return String: Start getData ${_getData[a%c]}...
]]></system-out>
  </testcase>
  <testcase name="scenario_31 on scenario_31(com.automation.conditionsJunit)" classname="com.automation.conditionsJunit" time="0">
    <failure type="java.lang.AssertionError">java.lang.AssertionError
	at com.automation.conditionsJunit.scenario_31(conditionsJunit.java:180)
</failure>
    <system-out><![CDATA[
Start run Test Case 31
- Return String: Start getData ${_getData[4][2]}.....
]]></system-out>
  </testcase>
  <testcase name="scenario_32 on scenario_32(com.automation.conditionsJunit)" classname="com.automation.conditionsJunit" time="0.002">
    <failure type="java.lang.AssertionError">java.lang.AssertionError
	at com.automation.conditionsJunit.scenario_32(conditionsJunit.java:185)
</failure>
    <system-out><![CDATA[
Start run Test Case 32
- Return String: Start getData ${_getData[0][3]}.....
]]></system-out>
  </testcase>
  <testcase name="scenario_33 on scenario_33(com.automation.conditionsJunit)" classname="com.automation.conditionsJunit" time="0.001">
    <failure type="java.lang.AssertionError">java.lang.AssertionError
	at com.automation.conditionsJunit.scenario_33(conditionsJunit.java:190)
</failure>
    <system-out><![CDATA[
Start run Test Case 33
- Return String: Start getData ${_getData[1%c][2]}.....
]]></system-out>
  </testcase>
  <testcase name="scenario_34 on scenario_34(com.automation.conditionsJunit)" classname="com.automation.conditionsJunit" time="0.001">
    <failure type="java.lang.AssertionError">java.lang.AssertionError
	at com.automation.conditionsJunit.scenario_34(conditionsJunit.java:195)
</failure>
    <system-out><![CDATA[
Start run Test Case 34
- Return String: Start getData ${_getData[0][wrong index]}.....
]]></system-out>
  </testcase>
  <testcase name="scenario_35 on scenario_35(com.automation.conditionsJunit)" classname="com.automation.conditionsJunit" time="0.001">
    <failure type="java.lang.AssertionError">java.lang.AssertionError
	at com.automation.conditionsJunit.scenario_35(conditionsJunit.java:200)
</failure>
    <system-out><![CDATA[
Start run Test Case 35
- Return String: Start getData ${_getData[a%3][wrong index]}.....
]]></system-out>
  </testcase>
  <testcase name="scenario_36 on scenario_36(com.automation.conditionsJunit)" classname="com.automation.conditionsJunit" time="0">
    <failure type="java.lang.AssertionError">java.lang.AssertionError
	at com.automation.conditionsJunit.scenario_36(conditionsJunit.java:205)
</failure>
    <system-out><![CDATA[
Start run Test Case 36
- Return String: Start getData ${_getData[4][2]}.....
]]></system-out>
  </testcase>
  <testcase name="scenario_37 on scenario_37(com.automation.conditionsJunit)" classname="com.automation.conditionsJunit" time="0.001">
    <failure type="java.lang.AssertionError">java.lang.AssertionError
	at com.automation.conditionsJunit.scenario_37(conditionsJunit.java:210)
</failure>
    <system-out><![CDATA[
Start run Test Case 37
- Return String: Start getData ${_getData[0][3]}.....
]]></system-out>
  </testcase>
  <testcase name="scenario_38 on scenario_38(com.automation.conditionsJunit)" classname="com.automation.conditionsJunit" time="0.001">
    <failure type="java.lang.AssertionError">java.lang.AssertionError
	at com.automation.conditionsJunit.scenario_38(conditionsJunit.java:215)
</failure>
    <system-out><![CDATA[
Start run Test Case 38
- Return String: Start getData ${_getData[1%c][2]}.....
]]></system-out>
  </testcase>
  <testcase name="scenario_39 on scenario_39(com.automation.conditionsJunit)" classname="com.automation.conditionsJunit" time="0.001">
    <failure type="java.lang.AssertionError">java.lang.AssertionError
	at com.automation.conditionsJunit.scenario_39(conditionsJunit.java:220)
</failure>
    <system-out><![CDATA[
Start run Test Case 39
- Return String: Start getData ${_getData[0][wrong index]}.....
]]></system-out>
  </testcase>
  <testcase name="scenario_40 on scenario_40(com.automation.conditionsJunit)" classname="com.automation.conditionsJunit" time="0.001">
    <failure type="java.lang.AssertionError">java.lang.AssertionError
	at com.automation.conditionsJunit.scenario_40(conditionsJunit.java:225)
</failure>
    <system-out><![CDATA[
Start run Test Case 40
- Return String: Start getData ${_getData[a%3][wrong index]}.....
]]></system-out>
  </testcase>
  <testcase name="scenario_41 on scenario_41(com.automation.conditionsJunit)" classname="com.automation.conditionsJunit" time="0.001"/>
  <testcase name="scenario_42 on scenario_42(com.automation.conditionsJunit)" classname="com.automation.conditionsJunit" time="0"/>
  <testcase name="scenario_43 on scenario_43(com.automation.conditionsJunit)" classname="com.automation.conditionsJunit" time="0.001"/>
  <testcase name="scenario_44 on scenario_44(com.automation.conditionsJunit)" classname="com.automation.conditionsJunit" time="0.001">
    <failure type="java.lang.AssertionError">java.lang.AssertionError
	at com.automation.conditionsJunit.scenario_44(conditionsJunit.java:248)
</failure>
    <system-out><![CDATA[
Start run Test Case 44
- Return String: Start getData ${_getData[10]} and ${_getData[1*ac]}.....
]]></system-out>
  </testcase>
  <testcase name="scenario_45 on scenario_45(com.automation.conditionsJunit)" classname="com.automation.conditionsJunit" time="0.001">
    <failure type="java.lang.AssertionError">java.lang.AssertionError
	at com.automation.conditionsJunit.scenario_45(conditionsJunit.java:253)
</failure>
    <system-out><![CDATA[
Start run Test Case 45
- Return String: Start getData ${_getData[0][0]} and ${_getData[1][0]}.....
]]></system-out>
  </testcase>
  <testcase name="scenario_46 on scenario_46(com.automation.conditionsJunit)" classname="com.automation.conditionsJunit" time="0.002">
    <failure type="java.lang.AssertionError">java.lang.AssertionError
	at com.automation.conditionsJunit.scenario_46(conditionsJunit.java:258)
</failure>
    <system-out><![CDATA[
Start run Test Case 46
- Return String: Start getData ${_getData[0][0]} and ${_getData[10][0]}.....
]]></system-out>
  </testcase>
  <testcase name="scenario_47 on scenario_47(com.automation.conditionsJunit)" classname="com.automation.conditionsJunit" time="0.001">
    <failure type="java.lang.AssertionError">java.lang.AssertionError
	at com.automation.conditionsJunit.scenario_47(conditionsJunit.java:263)
</failure>
    <system-out><![CDATA[
Start run Test Case 47
- Return String: Start getData ${_getData[0][0]} and ${_getData[1][10]}.....
]]></system-out>
  </testcase>
  <testcase name="scenario_48 on scenario_48(com.automation.conditionsJunit)" classname="com.automation.conditionsJunit" time="0">
    <failure type="java.lang.AssertionError">java.lang.AssertionError
	at com.automation.conditionsJunit.scenario_48(conditionsJunit.java:268)
</failure>
    <system-out><![CDATA[
Start run Test Case 48
- Return String: Start getData ${_getData[0][0]} and ${_getData[a*c][12a]}.....
]]></system-out>
  </testcase>
  <testcase name="scenario_49 on scenario_49(com.automation.conditionsJunit)" classname="com.automation.conditionsJunit" time="0.001">
    <failure type="java.lang.AssertionError">java.lang.AssertionError
	at com.automation.conditionsJunit.scenario_49(conditionsJunit.java:273)
</failure>
    <system-out><![CDATA[
Start run Test Case 49
- Return String: Start getData ${_getData[10][10]} and ${_getData[a*c][12a]}.....
]]></system-out>
  </testcase>
  <testcase name="scenario_50 on scenario_50(com.automation.conditionsJunit)" classname="com.automation.conditionsJunit" time="0.001"/>
  <testcase name="scenario_51 on scenario_51(com.automation.conditionsJunit)" classname="com.automation.conditionsJunit" time="0.001">
    <failure type="java.lang.AssertionError">java.lang.AssertionError
	at com.automation.conditionsJunit.scenario_51(conditionsJunit.java:283)
</failure>
    <system-out><![CDATA[
Start run Test Case 51
- Return String: Start getData ${_getData[10]} and ${_getData[1][1]}.....
]]></system-out>
  </testcase>
  <testcase name="scenario_52 on scenario_52(com.automation.conditionsJunit)" classname="com.automation.conditionsJunit" time="0.001"/>
  <testcase name="scenario_53 on scenario_53(com.automation.conditionsJunit)" classname="com.automation.conditionsJunit" time="0.001"/>
  <testcase name="scenario_54 on scenario_54(com.automation.conditionsJunit)" classname="com.automation.conditionsJunit" time="0.001">
    <failure type="java.lang.AssertionError">java.lang.AssertionError
	at com.automation.conditionsJunit.scenario_54(conditionsJunit.java:298)
</failure>
    <system-out><![CDATA[
Start run Test Case 54
- Return String: Start getData ${_getData[abc]} and ${_getData[1][1]}.....
]]></system-out>
  </testcase>
  <testcase name="scenario_55 on scenario_55(com.automation.conditionsJunit)" classname="com.automation.conditionsJunit" time="0.001">
    <failure type="java.lang.AssertionError">java.lang.AssertionError
	at com.automation.conditionsJunit.scenario_55(conditionsJunit.java:303)
</failure>
    <system-out><![CDATA[
Start run Test Case 55
- Return String: Start getData ${_getData[abc]} and ${_getData[1%wr][wr]}.....
]]></system-out>
  </testcase>
  <testcase name="scenario_56 on scenario_56(com.automation.conditionsJunit)" classname="com.automation.conditionsJunit" time="0.001"/>
  <testcase name="scenario_57 on scenario_57(com.automation.conditionsJunit)" classname="com.automation.conditionsJunit" time="0.001"/>
  <testcase name="scenario_58 on scenario_58(com.automation.conditionsJunit)" classname="com.automation.conditionsJunit" time="0.001"/>
  <testcase name="scenario_59 on scenario_59(com.automation.conditionsJunit)" classname="com.automation.conditionsJunit" time="0.001"/>
  <testcase name="scenario_60 on scenario_60(com.automation.conditionsJunit)" classname="com.automation.conditionsJunit" time="0.001">
    <failure type="java.lang.AssertionError">java.lang.AssertionError
	at com.automation.conditionsJunit.scenario_60(conditionsJunit.java:328)
</failure>
    <system-out><![CDATA[
Start run Test Case 60
- Return String: Start getData ${_getData[10]} and ${_getData[1*ac]}.....
]]></system-out>
  </testcase>
  <testcase name="scenario_61 on scenario_61(com.automation.conditionsJunit)" classname="com.automation.conditionsJunit" time="0.003"/>
  <testcase name="scenario_62 on scenario_62(com.automation.conditionsJunit)" classname="com.automation.conditionsJunit" time="0.001"/>
  <testcase name="scenario_63 on scenario_63(com.automation.conditionsJunit)" classname="com.automation.conditionsJunit" time="0"/>
  <testcase name="scenario_64 on scenario_64(com.automation.conditionsJunit)" classname="com.automation.conditionsJunit" time="0.001"/>
  <testcase name="scenario_65 on scenario_65(com.automation.conditionsJunit)" classname="com.automation.conditionsJunit" time="0.001">
    <failure type="java.lang.AssertionError">java.lang.AssertionError
	at com.automation.conditionsJunit.scenario_65(conditionsJunit.java:353)
</failure>
    <system-out><![CDATA[
Start run Test Case 65
- Return String: Start getData ${_getData[10][10]} and ${_getData[a*c][12a]}.....
]]></system-out>
  </testcase>
  <testcase name="scenario_66 on scenario_66(com.automation.conditionsJunit)" classname="com.automation.conditionsJunit" time="0.001"/>
  <testcase name="scenario_67 on scenario_67(com.automation.conditionsJunit)" classname="com.automation.conditionsJunit" time="0.001"/>
  <testcase name="scenario_68 on scenario_68(com.automation.conditionsJunit)" classname="com.automation.conditionsJunit" time="0.001"/>
  <testcase name="scenario_69 on scenario_69(com.automation.conditionsJunit)" classname="com.automation.conditionsJunit" time="0.001"/>
  <testcase name="scenario_70 on scenario_70(com.automation.conditionsJunit)" classname="com.automation.conditionsJunit" time="0.001"/>
  <testcase name="scenario_71 on scenario_71(com.automation.conditionsJunit)" classname="com.automation.conditionsJunit" time="0.001">
    <failure type="java.lang.AssertionError">java.lang.AssertionError
	at com.automation.conditionsJunit.scenario_71(conditionsJunit.java:383)
</failure>
    <system-out><![CDATA[
Start run Test Case 71
- Return String: Start getData ${_getData[abc]} and ${_getData[1%wr][wr]}.....
]]></system-out>
  </testcase>
  <testcase name="scenario_72 on scenario_72(com.automation.conditionsJunit)" classname="com.automation.conditionsJunit" time="0.001"/>
</testsuite>